1518033858629	geckodriver	INFO	geckodriver 0.19.1 (0000000000000000000000000000000000000000 2017-10-31)
1518033858686	geckodriver	INFO	Listening on 127.0.0.1:53765
1518033861629	mozrunner::runner	INFO	Running command: "C:\\Program Files (x86)\\Mozilla Firefox\\firefox.exe" "-marionette" "-profile" "C:\\Users\\MICHAE~1.GAV\\AppData\\Local\\Temp\\rust_mozprofile.1lJBTpqC6QlY"
1518033866927	Marionette	INFO	Enabled via --marionette
1518033878290	Marionette	INFO	Listening on port 53780
1518033878414	Marionette	WARN	TLS certificate errors will be ignored for this session
Unable to read VR Path Registry from C:\Users\michael.gavidia\AppData\Local\openvr\openvrpaths.vrpath
[Parent 363412, Gecko_IOThread] WARNING: pipe error: 109: file z:/build/build/src/ipc/chromium/src/chrome/common/ipc_channel_win.cc, line 346
Unable to read VR Path Registry from C:\Users\michael.gavidia\AppData\Local\openvr\openvrpaths.vrpath
[Child 364884, Chrome_ChildThread] WARNING: pipe error: 109: file z:/build/build/src/ipc/chromium/src/chrome/common/ipc_channel_win.cc, line 346
[Child 364884, Chrome_ChildThread] WARNING: pipe error: 109: file z:/build/build/src/ipc/chromium/src/chrome/common/ipc_channel_win.cc, line 346
Unable to read VR Path Registry from C:\Users\michael.gavidia\AppData\Local\openvr\openvrpaths.vrpath
[Child 361812, Chrome_ChildThread] WARNING: pipe error: 109: file z:/build/build/src/ipc/chromium/src/chrome/common/ipc_channel_win.cc, line 346
[Child 361812, Chrome_ChildThread] WARNING: pipe error: 109: file z:/build/build/src/ipc/chromium/src/chrome/common/ipc_channel_win.cc, line 346
[Parent 363412, Gecko_IOThread] WARNING: pipe error: 109: file z:/build/build/src/ipc/chromium/src/chrome/common/ipc_channel_win.cc, line 346
Unable to read VR Path Registry from C:\Users\michael.gavidia\AppData\Local\openvr\openvrpaths.vrpath
[Child 359252, Chrome_ChildThread] WARNING: pipe error: 109: file z:/build/build/src/ipc/chromium/src/chrome/common/ipc_channel_win.cc, line 346
*** UTM:SVC TimerManager:registerTimer called after profile-before-change notification. Ignoring timer registration for id: telemetry_modules_ping
Unable to read VR Path Registry from C:\Users\michael.gavidia\AppData\Local\openvr\openvrpaths.vrpath
[GPU 360724, Chrome_ChildThread] WARNING: pipe error: 109: file z:/build/build/src/ipc/chromium/src/chrome/common/ipc_channel_win.cc, line 346
1518033906425	geckodriver	INFO	geckodriver 0.19.1 (0000000000000000000000000000000000000000 2017-10-31)
1518033906432	geckodriver	INFO	Listening on 127.0.0.1:53905
1518033909480	mozrunner::runner	INFO	Running command: "C:\\Program Files (x86)\\Mozilla Firefox\\firefox.exe" "-marionette" "-profile" "C:\\Users\\MICHAE~1.GAV\\AppData\\Local\\Temp\\rust_mozprofile.D5cEQLd9W6Js"
1518033910334	Marionette	INFO	Enabled via --marionette
1518033912010	Marionette	INFO	Listening on port 53921
1518033912588	Marionette	WARN	TLS certificate errors will be ignored for this session
Unable to read VR Path Registry from C:\Users\michael.gavidia\AppData\Local\openvr\openvrpaths.vrpath
JavaScript warning: https://img.abcmouse.com/js/html5/sidepanel_new.js?build=1518033917.8029, line 256: unreachable code after return statement
[Child 366864, Chrome_ChildThread] WARNING: pipe error: 109: file z:/build/build/src/ipc/chromium/src/chrome/common/ipc_channel_win.cc, line 346
[Child 366864, Chrome_ChildThread] WARNING: pipe error: 109: file z:/build/build/src/ipc/chromium/src/chrome/common/ipc_channel_win.cc, line 346
Unable to read VR Path Registry from C:\Users\michael.gavidia\AppData\Local\openvr\openvrpaths.vrpath
[Parent 366068, Gecko_IOThread] WARNING: pipe error: 109: file z:/build/build/src/ipc/chromium/src/chrome/common/ipc_channel_win.cc, line 346
Unable to read VR Path Registry from C:\Users\michael.gavidia\AppData\Local\openvr\openvrpaths.vrpath
[Child 166492, Chrome_ChildThread] WARNING: pipe error: 109: file z:/build/build/src/ipc/chromium/src/chrome/common/ipc_channel_win.cc, line 346
Unable to read VR Path Registry from C:\Users\michael.gavidia\AppData\Local\openvr\openvrpaths.vrpath
[GPU 365268, Chrome_ChildThread] WARNING: pipe error: 109: file z:/build/build/src/ipc/chromium/src/chrome/common/ipc_channel_win.cc, line 346

###!!! [Child][MessageChannel::SendAndWait] Error: Channel error: cannot send/recv

or: 109: file z:/build/build/src/ipc/chromium/src/chrome/common/ipc_channel_win.cc, line 346
Unable to read VR Path Registry from C:\Users\michael.gavidia\AppData\Local\openvr\openvrpaths.vrpath
[Child 358460, Chrome_ChildThread] WARNING: pipe error: 109: file z:/build/build/src/ipc/chromium/src/chrome/common/ipc_channel_win.cc, line 346
[Parent 371908, Gecko_IOThread] WARNING: pipe error: 232: file z:/build/build/src/ipc/chromium/src/chrome/common/ipc_channel_win.cc, line 513
ession
Unable to read VR Path Registry from C:\Users\michael.gavidia\AppData\Local\openvr\openvrpaths.vrpath
JavaScript warning: https://img.abcmouse.com/js/html5/sidepanel_new.js?build=1518034096.1787, line 256: unreachable code after return statement
Unable to read VR Path Registry from C:\Users\michael.gavidia\AppData\Local\openvr\openvrpaths.vrpath
[Parent 374492, Gecko_IOThread] WARNING: pipe error: 109: file z:/build/build/src/ipc/chromium/src/chrome/common/ipc_channel_win.cc, line 346
[Child 374580, Chrome_ChildThread] WARNING: pipe error: 109: file z:/build/build/src/ipc/chromium/src/chrome/common/ipc_channel_win.cc, line 346
[Child 374580, Chrome_ChildThread] WARNING: pipe error: 109: file z:/build/build/src/ipc/chromium/src/chrome/common/ipc_channel_win.cc, line 346
Unable to read VR Path Registry from C:\Users\michael.gavidia\AppData\Local\openvr\openvrpaths.vrpath
[Child 375236, Chrome_ChildThread] WARNING: pipe error: 109: file z:/build/build/src/ipc/chromium/src/chrome/common/ipc_channel_win.cc, line 346
[Child 375236, Chrome_ChildThread] WARNING: pipe error: 109: file z:/build/build/src/ipc/chromium/src/chrome/common/ipc_channel_win.cc, line 346
Unable to read VR Path Registry from C:\Users\michael.gavidia\AppData\Local\openvr\openvrpaths.vrpath
[Child 374904, Chrome_ChildThread] WARNING: pipe error: 109: file z:/build/build/src/ipc/chromium/src/chrome/common/ipc_channel_win.cc, line 346
[Child 374904, Chrome_ChildThread] WARNING: pipe error: 109: file z:/build/build/src/ipc/chromium/src/chrome/common/ipc_channel_win.cc, line 346
*** UTM:SVC TimerManager:registerTimer called after profile-before-change notification. Ignoring timer registration for id: telemetry_modules_ping

###!!! [Child][MessageChannel::SendAndWait] Error: Channel error: cannot send/recv

1518034138233	geckodriver	INFO	geckodriver 0.19.1 (0000000000000000000000000000000000000000 2017-10-31)
1518034138241	geckodriver	INFO	Listening on 127.0.0.1:54682
1518034141277	mozrunner::runner	INFO	Running command: "C:\\Program Files (x86)\\Mozilla Firefox\\firefox.exe" "-marionette" "-profile" "C:\\Users\\MICHAE~1.GAV\\AppData\\Local\\Temp\\rust_mozprofile.uDxoTJgOHFeA"
1518034141997	Marionette	INFO	Enabled via --marionette
1518034144050	Marionette	INFO	Listening on port 54698
1518034144419	Marionette	WARN	TLS certificate errors will be ignored for this session
Unable to read VR Path Registry from C:\Users\michael.gavidia\AppData\Local\openvr\openvrpaths.vrpath
JavaScript warning: https://img.abcmouse.com/js/html5/sidepanel_new.js?build=1518034149.2133, line 256: unreachable code after return statement
JavaScript error: https://img.abcmouse.com/js/html5/prizeevent.js?build=1518034149.2133, line 15: TypeError: respond.payload.info is undefined
JavaScript warning: https://img.abcmouse.com/js/html5/sidepanel_new.js?build=1518034149.2133, line 256: unreachable code after return statement
[Child 377632, Chrome_ChildThread] WARNING: pipe error: 109: file z:/build/build/src/ipc/chromium/src/chrome/common/ipc_channel_win.cc, line 346
[Child 377632, Chrome_ChildThread] WARNING: pipe error: 109: file z:/build/build/src/ipc/chromium/src/chrome/common/ipc_channel_win.cc, line 346
Unable to read VR Path Registry from C:\Users\michael.gavidia\AppData\Local\openvr\openvrpaths.vrpath
[Parent 376356, Gecko_IOThread] WARNING: pipe error: 109: file z:/build/build/src/ipc/chromium/src/chrome/common/ipc_channel_win.cc, line 346
Unable to read VR Path Registry from C:\Users\michael.gavidia\AppData\Local\openvr\openvrpaths.vrpath
[Child 377528, Chrome_ChildThread] WARNING: pipe error: 109: file z:/build/build/src/ipc/chromium/src/chrome/common/ipc_channel_win.cc, line 346
[Child 377528, Chrome_ChildThread] WARNING: pipe error: 109: file z:/build/build/src/ipc/chromium/src/chrome/common/ipc_channel_win.cc, line 346

###!!! [Child][MessageChannel::SendAndWait] Error: Channel error: cannot send/recv

1518035139772	geckodriver	INFO	geckodriver 0.19.1 (0000000000000000000000000000000000000000 2017-10-31)
1518035139779	geckodriver	INFO	Listening on 127.0.0.1:57071
1518035142809	mozrunner::runner	INFO	Running command: "C:\\Program Files (x86)\\Mozilla Firefox\\firefox.exe" "-marionette" "-profile" "C:\\Users\\MICHAE~1.GAV\\AppData\\Local\\Temp\\rust_mozprofile.CXaZYxMF3U5C"
1518035143417	Marionette	INFO	Enabled via --marionette
1518035145208	Marionette	INFO	Listening on port 57084
1518035145952	Marionette	WARN	TLS certificate errors will be ignored for this session
Unable to read VR Path Registry from C:\Users\michael.gavidia\AppData\Local\openvr\openvrpaths.vrpath
JavaScript warning: https://img.abcmouse.com/js/html5/sidepanel_new.js?build=1518035150.5652, line 256: unreachable code after return statement
JavaScript error: https://img.abcmouse.com/js/html5/prizeevent.js?build=1518035150.5652, line 15: TypeError: respond.payload.info is undefined
Unable to read VR Path Registry from C:\Users\michael.gavidia\AppData\Local\openvr\openvrpaths.vrpath
[Parent 402136, Gecko_IOThread] WARNING: pipe error: 109: file z:/build/build/src/ipc/chromium/src/chrome/common/ipc_channel_win.cc, line 346
[Child 402724, Chrome_ChildThread] WARNING: pipe error: 109: file z:/build/build/src/ipc/chromium/src/chrome/common/ipc_channel_win.cc, line 346
[Child 402724, Chrome_ChildThread] WARNING: pipe error: 109: file z:/build/build/src/ipc/chromium/src/chrome/common/ipc_channel_win.cc, line 346
Unable to read VR Path Registry from C:\Users\michael.gavidia\AppData\Local\openvr\openvrpaths.vrpath
[Child 402992, Chrome_ChildThread] WARNING: pipe error: 109: file z:/build/build/src/ipc/chromium/src/chrome/common/ipc_channel_win.cc, line 346
[Child 402992, Chrome_ChildThread] WARNING: pipe error: 109: file z:/build/build/src/ipc/chromium/src/chrome/common/ipc_channel_win.cc, line 346
*** UTM:SVC TimerManager:registerTimer called after profile-before-change notification. Ignoring timer registration for id: telemetry_modules_ping
Unable to read VR Path Registry from C:\Users\michael.gavidia\AppData\Local\openvr\openvrpaths.vrpath
[GPU 401880, Chrome_ChildThread] WARNING: pipe error: 109: file z:/build/build/src/ipc/chromium/src/chrome/common/ipc_channel_win.cc, line 346

###!!! [Child][MessageChannel::SendAndWait] Error: Channel error: cannot send/recv

1518035485240	geckodriver	INFO	geckodriver 0.19.1 (0000000000000000000000000000000000000000 2017-10-31)
1518035485248	geckodriver	INFO	Listening on 127.0.0.1:57944
1518035488295	mozrunner::runner	INFO	Running command: "C:\\Program Files (x86)\\Mozilla Firefox\\firefox.exe" "-marionette" "-profile" "C:\\Users\\MICHAE~1.GAV\\AppData\\Local\\Temp\\rust_mozprofile.RUsbf1MJz5GK"
1518035488945	Marionette	INFO	Enabled via --marionette
1518035490512	Marionette	INFO	Listening on port 57963
1518035491456	Marionette	WARN	TLS certificate errors will be ignored for this session
Unable to read VR Path Registry from C:\Users\michael.gavidia\AppData\Local\openvr\openvrpaths.vrpath
JavaScript warning: https://img.abcmouse.com/js/html5/sidepanel_new.js?build=1518035496.2496, line 256: unreachable code after return statement
Unable to read VR Path Registry from C:\Users\michael.gavidia\AppData\Local\openvr\openvrpaths.vrpath
[Parent 411476, Gecko_IOThread] WARNING: pipe error: 109: file z:/build/build/src/ipc/chromium/src/chrome/common/ipc_channel_win.cc, line 346
[Child 412432, Chrome_ChildThread] WARNING: pipe error: 232: file z:/build/build/src/ipc/chromium/src/chrome/common/ipc_channel_win.cc, line 513
[Child 412432, Chrome_ChildThread] WARNING: pipe error: 109: file z:/build/build/src/ipc/chromium/src/chrome/common/ipc_channel_win.cc, line 346
[Child 412432, Chrome_ChildThread] WARNING: pipe error: 109: file z:/build/build/src/ipc/chromium/src/chrome/common/ipc_channel_win.cc, line 346
Unable to read VR Path Registry from C:\Users\michael.gavidia\AppData\Local\openvr\openvrpaths.vrpath
[Child 412648, Chrome_ChildThread] WARNING: pipe error: 109: file z:/build/build/src/ipc/chromium/src/chrome/common/ipc_channel_win.cc, line 346
[Child 412648, Chrome_ChildThread] WARNING: pipe error: 109: file z:/build/build/src/ipc/chromium/src/chrome/common/ipc_channel_win.cc, line 346
Unable to read VR Path Registry from C:\Users\michael.gavidia\AppData\Local\openvr\openvrpaths.vrpath
[Child 412236, Chrome_ChildThread] WARNING: pipe error: 109: file z:/build/build/src/ipc/chromium/src/chrome/common/ipc_channel_win.cc, line 346
*** UTM:SVC TimerManager:registerTimer called after profile-before-change notification. Ignoring timer registration for id: telemetry_modules_ping

###!!! [Child][MessageChannel::SendAndWait] Error: Channel error: cannot send/recv

1518035508487	geckodriver	INFO	geckodriver 0.19.1 (0000000000000000000000000000000000000000 2017-10-31)
1518035508494	geckodriver	INFO	Listening on 127.0.0.1:58083
1518035511531	mozrunner::runner	INFO	Running command: "C:\\Program Files (x86)\\Mozilla Firefox\\firefox.exe" "-marionette" "-profile" "C:\\Users\\MICHAE~1.GAV\\AppData\\Local\\Temp\\rust_mozprofile.tJ2Ivx3696ef"
1518035512194	Marionette	INFO	Enabled via --marionette
1518035513881	Marionette	INFO	Listening on port 58098
1518035514637	Marionette	WARN	TLS certificate errors will be ignored for this session
Unable to read VR Path Registry from C:\Users\michael.gavidia\AppData\Local\openvr\openvrpaths.vrpath
JavaScript warning: https://jp.abcmouse.com/artwork/js/html5/sidepanel_new.js?build=1518035521.5189, line 256: unreachable code after return statement
JavaScript error: https://jp.abcmouse.com/artwork/core_client_library/js/legacy-sites-js/1.0/utils.js?build=1518035521.5189, line 1343: ReferenceError: exitFullScreen is not defined
JavaScript error: https://jp.abcmouse.com/artwork/core_client_library/js/legacy-sites-js/1.0/utils.js?build=1518035521.5189, line 1343: ReferenceError: exitFullScreen is not defined
Unable to read VR Path Registry from C:\Users\michael.gavidia\AppData\Local\openvr\openvrpaths.vrpath
[Child 413904, Chrome_ChildThread] WARNING: pipe error: 109: file z:/build/build/src/ipc/chromium/src/chrome/common/ipc_channel_win.cc, line 346
[Child 413904, Chrome_ChildThread] WARNING: pipe error: 109: file z:/build/build/src/ipc/chromium/src/chrome/common/ipc_channel_win.cc, line 346
Unable to read VR Path Registry from C:\Users\michael.gavidia\AppData\Local\openvr\openvrpaths.vrpath
[Parent 413468, Gecko_IOThread] WARNING: pipe error: 109: file z:/build/build/src/ipc/chromium/src/chrome/common/ipc_channel_win.cc, line 346
*** UTM:SVC TimerManager:registerTimer called after profile-before-change notification. Ignoring timer registration for id: telemetry_modules_ping
Unable to read VR Path Registry from C:\Users\michael.gavidia\AppData\Local\openvr\openvrpaths.vrpath
[GPU 413584, Chrome_ChildThread] WARNING: pipe error: 109: file z:/build/build/src/ipc/chromium/src/chrome/common/ipc_channel_win.cc, line 346
1518035841977	geckodriver	INFO	geckodriver 0.19.1 (0000000000000000000000000000000000000000 2017-10-31)
1518035841983	geckodriver	INFO	Listening on 127.0.0.1:58880
1518035845023	mozrunner::runner	INFO	Running command: "C:\\Program Files (x86)\\Mozilla Firefox\\firefox.exe" "-marionette" "-profile" "C:\\Users\\MICHAE~1.GAV\\AppData\\Local\\Temp\\rust_mozprofile.fWcGJPwobmGi"
1518035845737	Marionette	INFO	Enabled via --marionette
1518035847467	Marionette	INFO	Listening on port 58897
1518035848191	Marionette	WARN	TLS certificate errors will be ignored for this session
Unable to read VR Path Registry from C:\Users\michael.gavidia\AppData\Local\openvr\openvrpaths.vrpath
JavaScript warning: https://jpda.qtest.abcmouse.com/artwork/js/html5/sidepanel_new.js?build=1518035855.0123, line 256: unreachable code after return statement
JavaScript error: https://jpda.qtest.abcmouse.com/artwork/core_client_library/js/legacy-sites-js/1.0/utils.js?build=1518035855.0123, line 1343: ReferenceError: exitFullScreen is not defined
JavaScript error: https://jpda.qtest.abcmouse.com/artwork/core_client_library/js/legacy-sites-js/1.0/utils.js?build=1518035855.0123, line 1343: ReferenceError: exitFullScreen is not defined
Unable to read VR Path Registry from C:\Users\michael.gavidia\AppData\Local\openvr\openvrpaths.vrpath
[Child 418984, Chrome_ChildThread] WARNING: pipe error: 109: file z:/build/build/src/ipc/chromium/src/chrome/common/ipc_channel_win.cc, line 346
[Child 418984, Chrome_ChildThread] WARNING: pipe error: 109: file z:/build/build/src/ipc/chromium/src/chrome/common/ipc_channel_win.cc, line 346
[Child 414476, Chrome_ChildThread] WARNING: pipe error: 109: file z:/build/build/src/ipc/chromium/src/chrome/common/ipc_channel_win.cc, line 346
[Child 414476, Chrome_ChildThread] WARNING: pipe error: 109: file z:/build/build/src/ipc/chromium/src/chrome/common/ipc_channel_win.cc, line 346
Unable to read VR Path Registry from C:\Users\michael.gavidia\AppData\Local\openvr\openvrpaths.vrpath
[Parent 420280, Gecko_IOThread] WARNING: pipe error: 109: file z:/build/build/src/ipc/chromium/src/chrome/common/ipc_channel_win.cc, line 346
Unable to read VR Path Registry from C:\Users\michael.gavidia\AppData\Local\openvr\openvrpaths.vrpath
[Child 419704, Chrome_ChildThread] WARNING: pipe error: 109: file z:/build/build/src/ipc/chromium/src/chrome/common/ipc_channel_win.cc, line 346
[Child 419704, Chrome_ChildThread] WARNING: pipe error: 109: file z:/build/build/src/ipc/chromium/src/chrome/common/ipc_channel_win.cc, line 346
*** UTM:SVC TimerManager:registerTimer called after profile-before-change notification. Ignoring timer registration for id: telemetry_modules_ping

###!!! [Child][MessageChannel::SendAndWait] Error: Channel error: cannot send/recv

1518035878105	geckodriver	INFO	geckodriver 0.19.1 (0000000000000000000000000000000000000000 2017-10-31)
1518035878111	geckodriver	INFO	Listening on 127.0.0.1:59041
1518035881149	mozrunner::runner	INFO	Running command: "C:\\Program Files (x86)\\Mozilla Firefox\\firefox.exe" "-marionette" "-profile" "C:\\Users\\MICHAE~1.GAV\\AppData\\Local\\Temp\\rust_mozprofile.vdJAJ0BXIiJQ"
1518035881813	Marionette	INFO	Enabled via --marionette
1518035883447	Marionette	INFO	Listening on port 59054
1518035884307	Marionette	WARN	TLS certificate errors will be ignored for this session
Unable to read VR Path Registry from C:\Users\michael.gavidia\AppData\Local\openvr\openvrpaths.vrpath
[Child 418328, Chrome_ChildThread] WARNING: pipe error: 109: file z:/build/build/src/ipc/chromium/src/chrome/common/ipc_channel_win.cc, line 346
[Child 418328, Chrome_ChildThread] WARNING: pipe error: 109: file z:/build/build/src/ipc/chromium/src/chrome/common/ipc_channel_win.cc, line 346
Unable to read VR Path Registry from C:\Users\michael.gavidia\AppData\Local\openvr\openvrpaths.vrpath
[Child 423072, Chrome_ChildThread] WARNING: pipe error: 109: file z:/build/build/src/ipc/chromium/src/chrome/common/ipc_channel_win.cc, line 346
[Child 423072, Chrome_ChildThread] WARNING: pipe error: 109: file z:/build/build/src/ipc/chromium/src/chrome/common/ipc_channel_win.cc, line 346
Unable to read VR Path Registry from C:\Users\michael.gavidia\AppData\Local\openvr\openvrpaths.vrpath
[Child 422916, Chrome_ChildThread] WARNING: pipe error: 109: file z:/build/build/src/ipc/chromium/src/chrome/common/ipc_channel_win.cc, line 346
*** UTM:SVC TimerManager:registerTimer called after profile-before-change notification. Ignoring timer registration for id: telemetry_modules_ping

###!!! [Child][MessageChannel::SendAndWait] Error: Channel error: cannot send/recv

Unable to read VR Path Registry from C:\Users\michael.gavidia\AppData\Local\openvr\openvrpaths.vrpath
1518036229082	geckodriver	INFO	geckodriver 0.19.1 (0000000000000000000000000000000000000000 2017-10-31)
1518036229088	geckodriver	INFO	Listening on 127.0.0.1:59876
1518036232148	mozrunner::runner	INFO	Running command: "C:\\Program Files (x86)\\Mozilla Firefox\\firefox.exe" "-marionette" "-profile" "C:\\Users\\MICHAE~1.GAV\\AppData\\Local\\Temp\\rust_mozprofile.GI9NoMUCIZqM"
1518036232801	Marionette	INFO	Enabled via --marionette
1518036234669	Marionette	INFO	Listening on port 59889
1518036235345	Marionette	WARN	TLS certificate errors will be ignored for this session
Unable to read VR Path Registry from C:\Users\michael.gavidia\AppData\Local\openvr\openvrpaths.vrpath
[Child 428908, Chrome_ChildThread] WARNING: pipe error: 109: file z:/build/build/src/ipc/chromium/src/chrome/common/ipc_channel_win.cc, line 346
[Child 428908, Chrome_ChildThread] WARNING: pipe error: 109: file z:/build/build/src/ipc/chromium/src/chrome/common/ipc_channel_win.cc, line 346
Unable to read VR Path Registry from C:\Users\michael.gavidia\AppData\Local\openvr\openvrpaths.vrpath
[Child 428556, Chrome_ChildThread] WARNING: pipe error: 109: file z:/build/build/src/ipc/chromium/src/chrome/common/ipc_channel_win.cc, line 346
[Child 428556, Chrome_ChildThread] WARNING: pipe error: 109: file z:/build/build/src/ipc/chromium/src/chrome/common/ipc_channel_win.cc, line 346
Unable to read VR Path Registry from C:\Users\michael.gavidia\AppData\Local\openvr\openvrpaths.vrpath
[Child 430960, Chrome_ChildThread] WARNING: pipe error: 109: file z:/build/build/src/ipc/chromium/src/chrome/common/ipc_channel_win.cc, line 346
[Child 430960, Chrome_ChildThread] WARNING: pipe error: 109: file z:/build/build/src/ipc/chromium/src/chrome/common/ipc_channel_win.cc, line 346
*** UTM:SVC TimerManager:registerTimer called after profile-before-change notification. Ignoring timer registration for id: telemetry_modules_ping

###!!! [Child][MessageChannel::SendAndWait] Error: Channel error: cannot send/recv

Unable to read VR Path Registry from C:\Users\michael.gavidia\AppData\Local\openvr\openvrpaths.vrpath
1518047003833	geckodriver	INFO	geckodriver 0.19.1 (0000000000000000000000000000000000000000 2017-10-31)
1518047003839	geckodriver	INFO	Listening on 127.0.0.1:52384
1518047006866	mozrunner::runner	INFO	Running command: "C:\\Program Files (x86)\\Mozilla Firefox\\firefox.exe" "-marionette" "-profile" "C:\\Users\\MICHAE~1.GAV\\AppData\\Local\\Temp\\rust_mozprofile.pqOY47yCoRJa"
1518047007633	Marionette	INFO	Enabled via --marionette
1518047009464	Marionette	INFO	Listening on port 52400
1518047009995	Marionette	WARN	TLS certificate errors will be ignored for this session
Unable to read VR Path Registry from C:\Users\michael.gavidia\AppData\Local\openvr\openvrpaths.vrpath
JavaScript warning: https://img.abcmouse.com/js/html5/sidepanel_new.js?build=1518047015.5369, line 256: unreachable code after return statement
JavaScript error: https://img.abcmouse.com/js/html5/prizeevent.js?build=1518047015.5369, line 15: TypeError: respond.payload.info is undefined
[Child 173204, Chrome_ChildThread] WARNING: pipe error: 109: file z:/build/build/src/ipc/chromium/src/chrome/common/ipc_channel_win.cc, line 346
[Child 173204, Chrome_ChildThread] WARNING: pipe error: 109: file z:/build/build/src/ipc/chromium/src/chrome/common/ipc_channel_win.cc, line 346
Unable to read VR Path Registry from C:\Users\michael.gavidia\AppData\Local\openvr\openvrpaths.vrpath
[Child 89244, Chrome_ChildThread] WARNING: pipe error: 109: file z:/build/build/src/ipc/chromium/src/chrome/common/ipc_channel_win.cc, line 346
[Child 89244, Chrome_ChildThread] WARNING: pipe error: 109: file z:/build/build/src/ipc/chromium/src/chrome/common/ipc_channel_win.cc, line 346
Unable to read VR Path Registry from C:\Users\michael.gavidia\AppData\Local\openvr\openvrpaths.vrpath
[Child 9452, Chrome_ChildThread] WARNING: pipe error: 109: file z:/build/build/src/ipc/chromium/src/chrome/common/ipc_channel_win.cc, line 346
[Child 9452, Chrome_ChildThread] WARNING: pipe error: 109: file z:/build/build/src/ipc/chromium/src/chrome/common/ipc_channel_win.cc, line 346

###!!! [Child][MessageChannel::SendAndWait] Error: Channel error: cannot send/recv

Unable to read VR Path Registry from C:\Users\michael.gavidia\AppData\Local\openvr\openvrpaths.vrpath
ta\Local\openvr\openvrpaths.vrpath
[Parent 192428, Gecko_IOThread] WARNING: pipe error: 109: file z:/build/build/src/ipc/chromium/src/chrome/common/ipc_channel_win.cc, line 346
[Child 193372, Chrome_ChildThread] WARNING: pipe error: 109: file z:/build/build/src/ipc/chromium/src/chrome/common/ipc_channel_win.cc, line 346
Unable to read VR Path Registry from C:\Users\michael.gavidia\AppData\Local\openvr\openvrpaths.vrpath
[Child 182000, Chrome_ChildThread] WARNING: pipe error: 109: file z:/build/build/src/ipc/chromium/src/chrome/common/ipc_channel_win.cc, line 346
[Child 182000, Chrome_ChildThread] WARNING: pipe error: 109: file z:/build/build/src/ipc/chromium/src/chrome/common/ipc_channel_win.cc, line 346
Unable to read VR Path Registry from C:\Users\michael.gavidia\AppData\Local\openvr\openvrpaths.vrpath
[Child 191716, Chrome_ChildThread] WARNING: pipe error: 109: file z:/build/build/src/ipc/chromium/src/chrome/common/ipc_channel_win.cc, line 346
Unable to read VR Path Registry from C:\Users\michael.gavidia\AppData\Local\openvr\openvrpaths.vrpath
[GPU 190808, Chrome_ChildThread] WARNING: pipe error: 109: fi[Child 193320, Chrome_ChildThread] WARNING: pipe error: 109: file z:/build/build/src/ipc/chromium/src/chrome/common/ipc_channel_win.cc, line 346
[Child 193320, Chrome_ChildThread] WARNING: pipe error: 109: file z:/build/build/src/ipc/chromium/src/chrome/common/ipc_channel_win.cc, line 346
Unable to read VR Path Registry from C:\Users\michael.gavidia\AppData\Local\openvr\openvrpaths.vrpath
[Child 192612, Chrome_ChildThread] WARNING: pipe error: 109: file z:/build/build/src/ipc/chromium/src/chrome/common/ipc_channel_win.cc, line 346
[Child 192612, Chrome_ChildThread] WARNING: pipe error: 109: file z:/build/build/src/ipc/chromium/src/chrome/common/ipc_channel_win.cc, line 346
Unable to read VR Path Registry from C:\Users\michael.gavidia\AppData\Local\openvr\openvrpaths.vrpath
[Parent 193792, Gecko_IOThread] WARNING: pipe error: 109: file z:/build/build/src/ipc/chromium/src/chrome/common/ipc_channel_win.cc, line 346
Unable to read VR Path Registry from C:\Users\michael.gavidia\AppData\Local\openvr\openvrpaths.vrpath
[Child 192800, Chrome_ChildThread] WARNING: pipe error: 109: file z:/build/build/src/ipc/chromium/src/chrome/common/ipc_channel_win.cc, line 346
[Child 192800, Chrome_ChildThread] WARNING: pipe error: 109: file z:/build/build/src/ipc/chromium/src/chrome/common/ipc_channel_win.cc, line 346
*** UTM:SVC TimerManager:registerTimer called after profile-before-change notification. Ignoring timer registration for id: telemetry_modules_ping

###!!! [Child][MessageChannel::SendAndWait] Error: Channel error: cannot send/recv

1518047564108	geckodriver	INFO	geckodriver 0.19.1 (0000000000000000000000000000000000000000 2017-10-31)
1518047564450	geckodriver	INFO	Listening on 127.0.0.1:55229
1518047567974	mozrunner::runner	INFO	Running command: "C:\\Program Files (x86)\\Mozilla Firefox\\firefox.exe" "-marionette" "-profile" "C:\\Users\\MICHAE~1.GAV\\AppData\\Local\\Temp\\rust_mozprofile.9XnvzjvTdc0b"
1518047571060	Marionette	INFO	Enabled via --marionette
Unable to read VR Path Registry from C:\Users\michael.gavidia\AppData\Local\openvr\openvrpaths.vrpath
[Child 159272, Chrome_ChildThread] WARNING: pipe error: 109: file z:/build/build/src/ipc/chromium/src/chrome/common/ipc_channel_win.cc, line 346
1518047587365	Marionette	INFO	Listening on port 55250
1518047589092	Marionette	WARN	TLS certificate errors will be ignored for this session
Unable to read VR Path Registry from C:\Users\michael.gavidia\AppData\Local\openvr\openvrpaths.vrpath
JavaScript warning: https://img.abcmouse.com/js/html5/sidepanel_new.js?build=1518047603.0323, line 256: unreachable code after return statement
Unable to read VR Path Registry from C:\Users\michael.gavidia\AppData\Local\openvr\openvrpaths.vrpath
[Child 202168, Chrome_ChildThread] WARNING: pipe error: 109: file z:/build/build/src/ipc/chromium/src/chrome/common/ipc_channel_win.cc, line 346
[Child 202168, Chrome_ChildThread] WARNING: pipe error: 109: file z:/build/build/src/ipc/chromium/src/chrome/common/ipc_channel_win.cc, line 346
JavaScript error: https://member.abcmouse.com/core_client_library/js/aofl-js/0.5.0/app/aofl.min.js, line 1: NS_ERROR_NOT_INITIALIZED: 
JavaScript error: https://member.abcmouse.com/core_client_library/js/aofl-js/0.5.0/app/aofl.min.js, line 1: NS_ERROR_NOT_INITIALIZED: 
JavaScript error: https://member.abcmouse.com/core_client_library/js/aofl-js/0.5.0/app/aofl.min.js, line 1: NS_ERROR_NOT_INITIALIZED: 
JavaScript error: https://member.abcmouse.com/core_client_library/js/aofl-js/0.5.0/app/aofl.min.js, line 1: NS_ERROR_NOT_INITIALIZED: 
JavaScript error: https://member.abcmouse.com/core_client_library/js/aofl-js/0.5.0/app/aofl.min.js, line 1: NS_ERROR_NOT_INITIALIZED: 
JavaScript error: https://member.abcmouse.com/core_client_library/js/aofl-js/0.5.0/app/aofl.min.js, line 1: NS_ERROR_NOT_INITIALIZED: 
JavaScript error: https://member.abcmouse.com/core_client_library/js/aofl-js/0.5.0/app/aofl.min.js, line 1: NS_ERROR_NOT_INITIALIZED: 
Unable to read VR Path Registry from C:\Users\michael.gavidia\AppData\Local\openvr\openvrpaths.vrpath
[Child 202968, Chrome_ChildThread] WARNING: pipe error: 109: file z:/build/build/src/ipc/chromium/src/chrome/common/ipc_channel_win.cc, line 346
*** UTM:SVC TimerManager:registerTimer called after profile-before-change notification. Ignoring timer registration for id: telemetry_modules_ping

###!!! [Child][MessageChannel::SendAndWait] Error: Channel error: cannot send/recv

Unable to read VR Path Registry from C:\Users\michael.gavidia\AppData\Local\openvr\openvrpaths.vrpath
1518047644280	geckodriver	INFO	geckodriver 0.19.1 (0000000000000000000000000000000000000000 2017-10-31)
1518047644293	geckodriver	INFO	Listening on 127.0.0.1:55706
1518047647403	mozrunner::runner	INFO	Running command: "C:\\Program Files (x86)\\Mozilla Firefox\\firefox.exe" "-marionette" "-profile" "C:\\Users\\MICHAE~1.GAV\\AppData\\Local\\Temp\\rust_mozprofile.b0OYyeVUoVfn"
1518047648349	Marionette	INFO	Enabled via --marionette
1518047650624	Marionette	INFO	Listening on port 55719
1518047651109	Marionette	WARN	TLS certificate errors will be ignored for this session
Unable to read VR Path Registry from C:\Users\michael.gavidia\AppData\Local\openvr\openvrpaths.vrpath
JavaScript warning: https://img.abcmouse.com/js/html5/sidepanel_new.js?build=1518047657.6842, line 256: unreachable code after return statement
JavaScript error: https://img.abcmouse.com/js/html5/prizeevent.js?build=1518047657.6842, line 15: TypeError: respond.payload.info is undefined
IPDL protocol error: Handler returned error code!

###!!! [Parent][DispatchAsyncMessage] Error: PLayerTransaction::Msg_ReleaseLayer Processing error: message was deserialized, but the handler returned false (indicating failure)

Unable to read VR Path Registry from C:\Users\michael.gavidia\AppData\Local\openvr\openvrpaths.vrpath
[Parent 200912, Gecko_IOThread] WARNING: pipe error: 109: file z:/build/build/src/ipc/chromium/src/chrome/common/ipc_channel_win.cc, line 346
[Parent 200912, Gecko_IOThread] WARNING: pipe error: 109: file z:/build/build/src/ipc/chromium/src/chrome/common/ipc_channel_win.cc, line 346
[Child 208244, Chrome_ChildThread] WARNING: pipe error: 109: file z:/build/build/src/ipc/chromium/src/chrome/common/ipc_channel_win.cc, line 346
[Child 208244, Chrome_ChildThread] WARNING: pipe error: 109: file z:/build/build/src/ipc/chromium/src/chrome/common/ipc_channel_win.cc, line 346
Unable to read VR Path Registry from C:\Users\michael.gavidia\AppData\Local\openvr\openvrpaths.vrpath
[Child 195384, Chrome_ChildThread] WARNING: pipe error: 109: file z:/build/build/src/ipc/chromium/src/chrome/common/ipc_channel_win.cc, line 346
[Child 195384, Chrome_ChildThread] WARNING: pipe error: 109: file z:/build/build/src/ipc/chromium/src/chrome/common/ipc_channel_win.cc, line 346
Unable to read VR Path Registry from C:\Users\michael.gavidia\AppData\Local\openvr\openvrpaths.vrpath
[Child 208460, Chrome_ChildThread] WARNING: pipe error: 109: file z:/build/build/src/ipc/chromium/src/chrome/common/ipc_channel_win.cc, line 346
*** UTM:SVC TimerManager:registerTimer called after profile-before-change notification. Ignoring timer registration for id: telemetry_modules_ping
Unable to read VR Path Registry from C:\Users\michael.gavidia\AppData\Local\openvr\openvrpaths.vrpath
[GPU 203632, Chrome_ChildThread] WARNING: pipe error: 109: file z:/build/build/src/ipc/chromium/src/chrome/common/ipc_channel_win.cc, line 346

###!!! [Child][MessageChannel::SendAndWait] Error: Channel error: cannot send/recv

1518047949035	geckodriver	INFO	geckodriver 0.19.1 (0000000000000000000000000000000000000000 2017-10-31)
1518047949043	geckodriver	INFO	Listening on 127.0.0.1:57040
1518047952057	mozrunner::runner	INFO	Running command: "C:\\Program Files (x86)\\Mozilla Firefox\\firefox.exe" "-marionette" "-profile" "C:\\Users\\MICHAE~1.GAV\\AppData\\Local\\Temp\\rust_mozprofile.xNbIcGxjVYjm"
1518047952929	Marionette	INFO	Enabled via --marionette
1518047955129	Marionette	INFO	Listening on port 57056
1518047955360	Marionette	WARN	TLS certificate errors will be ignored for this session
Unable to read VR Path Registry from C:\Users\michael.gavidia\AppData\Local\openvr\openvrpaths.vrpath
JavaScript warning: https://img.abcmouse.com/js/html5/sidepanel_new.js?build=1518047960.3139, line 256: unreachable code after return statement
JavaScript error: https://img.abcmouse.com/js/html5/prizeevent.js?build=1518047960.3139, line 15: TypeError: respond.payload.info is undefined
Unable to read VR Path Registry from C:\Users\michael.gavidia\AppData\Local\openvr\openvrpaths.vrpath
[Parent 213092, Gecko_IOThread] WARNING: pipe error: 109: file z:/build/build/src/ipc/chromium/src/chrome/common/ipc_channel_win.cc, line 346
[Child 211192, Chrome_ChildThread] WARNING: pipe error: 109: file z:/build/build/src/ipc/chromium/src/chrome/common/ipc_channel_win.cc, line 346
[Child 211192, Chrome_ChildThread] WARNING: pipe error: 109: file z:/build/build/src/ipc/chromium/src/chrome/common/ipc_channel_win.cc, line 346
[Parent 213092, Gecko_IOThread] WARNING: pipe error: 109: file z:/build/build/src/ipc/chromium/src/chrome/common/ipc_channel_win.cc, line 346
Unable to read VR Path Registry from C:\Users\michael.gavidia\AppData\Local\openvr\openvrpaths.vrpath
[Child 206784, Chrome_ChildThread] WARNING: pipe error: 109: file z:/build/build/src/ipc/chromium/src/chrome/common/ipc_channel_win.cc, line 346
*** UTM:SVC TimerManager:registerTimer called after profile-before-change notification. Ignoring timer registration for id: telemetry_modules_ping

###!!! [Child][MessageChannel::SendAndWait] Error: Channel error: cannot send/recv

1518048174767	geckodriver	INFO	geckodriver 0.19.1 (0000000000000000000000000000000000000000 2017-10-31)
1518048174776	geckodriver	INFO	Listening on 127.0.0.1:58446
1518048177801	mozrunner::runner	INFO	Running command: "C:\\Program Files (x86)\\Mozilla Firefox\\firefox.exe" "-marionette" "-profile" "C:\\Users\\MICHAE~1.GAV\\AppData\\Local\\Temp\\rust_mozprofile.mrgwQOI6kgPO"
1518048178733	Marionette	INFO	Enabled via --marionette
1518048180837	Marionette	INFO	Listening on port 58563
1518048181039	Marionette	WARN	TLS certificate errors will be ignored for this session
Unable to read VR Path Registry from C:\Users\michael.gavidia\AppData\Local\openvr\openvrpaths.vrpath
JavaScript warning: https://img.abcmouse.com/js/html5/sidepanel_new.js?build=1518048186.874, line 256: unreachable code after return statement
JavaScript error: https://img.abcmouse.com/js/html5/prizeevent.js?build=1518048186.874, line 15: TypeError: respond.payload.info is undefined
1518048219823	geckodriver	INFO	geckodriver 0.19.1 (0000000000000000000000000000000000000000 2017-10-31)
1518048219830	geckodriver	INFO	Listening on 127.0.0.1:58756
1518048222838	mozrunner::runner	INFO	Running command: "C:\\Program Files (x86)\\Mozilla Firefox\\firefox.exe" "-marionette" "-profile" "C:\\Users\\MICHAE~1.GAV\\AppData\\Local\\Temp\\rust_mozprofile.TcE2WoaQYnIQ"
1518048223673	Marionette	INFO	Enabled via --marionette
1518048225812	Marionette	INFO	Listening on port 58775
1518048226112	Marionette	WARN	TLS certificate errors will be ignored for this session
Unable to read VR Path Registry from C:\Users\michael.gavidia\AppData\Local\openvr\openvrpaths.vrpath
JavaScript warning: https://img.abcmouse.com/js/html5/sidepanel_new.js?build=1518048231.5978, line 256: unreachable code after return statement
JavaScript error: https://img.abcmouse.com/js/html5/prizeevent.js?build=1518048231.5978, line 15: TypeError: respond.payload.info is undefined
